<?xml version="1.0" encoding="UTF-8"?>
<!-- Generated by org.testng.reporters.JUnitReportReporter -->
<testsuite skipped="0" hostname="DESKTOP-T1U26LC" name="com.mobile.appium.StepDefinitions.TestRunner" tests="1" failures="0" timestamp="11 Mar 2018 02:31:33 GMT" time="1.458" errors="0">
  <testcase name="feature" time="1.458" classname="com.mobile.appium.StepDefinitions.TestRunner"/>
</testsuite> <!-- com.mobile.appium.StepDefinitions.TestRunner -->
